
Showing logs for build [32mcb-kubecd-environment-pr-188-1-47xv2-1[0m stage [32mfrom-build-pack[0m and container [32mstep-credential-initializer-7nfdc[0m
{"level":"warn","ts":1585161609.5990334,"logger":"fallback-logger","caller":"logging/config.go:69","msg":"Fetch GitHub commit ID from kodata failed: \"ref: refs/heads/0.8.0-**-support-backwards-incompats\" is not a valid GitHub commit ID"}
{"level":"info","ts":1585161609.5999002,"logger":"fallback-logger","caller":"creds-init/main.go:40","msg":"Credentials initialized."}

Showing logs for build [32mcb-kubecd-environment-pr-188-1-47xv2-1[0m stage [32mfrom-build-pack[0m and container [32mstep-working-dir-initializer-58skb[0m
{"level":"warn","ts":1585161610.5989227,"logger":"fallback-logger","caller":"logging/config.go:69","msg":"Fetch GitHub commit ID from kodata failed: open /var/run/ko/HEAD: no such file or directory"}
{"level":"info","ts":1585161610.6009917,"logger":"fallback-logger","caller":"bash/main.go:64","msg":"Successfully executed command \"sh -c mkdir -p /workspace/source\"; output "}

Showing logs for build [32mcb-kubecd-environment-pr-188-1-47xv2-1[0m stage [32mfrom-build-pack[0m and container [32mstep-place-tools[0m

Showing logs for build [32mcb-kubecd-environment-pr-188-1-47xv2-1[0m stage [32mfrom-build-pack[0m and container [32mstep-git-source-cb-kubecd-environment-pr-188-1-47xv2-dj2fs[0m
{"level":"warn","ts":1585161614.7148478,"logger":"fallback-logger","caller":"logging/config.go:69","msg":"Fetch GitHub commit ID from kodata failed: \"ref: refs/heads/0.8.0-**-support-backwards-incompats\" is not a valid GitHub commit ID"}
{"level":"info","ts":1585161615.7337584,"logger":"fallback-logger","caller":"git/git.go:103","msg":"Successfully cloned https://github.com/cb-kubecd/environment-pr-188-1-boot-gke-production.git @ master in path /workspace/source"}

Showing logs for build [32mcb-kubecd-environment-pr-188-1-47xv2-1[0m stage [32mfrom-build-pack[0m and container [32mstep-git-merge[0m
Using SHAs from PULL_REFS=master:94e41e6c40dec40778bb1fdbcc8bf8275714cae1,1:ca3ad52400f84f019fefbe3225563151a6238b4f
DEBUG: LC_ALL=C JX_LOG_LEVEL=error git fetch origin --unshallow ca3ad52400f84f019fefbe3225563151a6238b4f: 94e41e6c40dec40778bb1fdbcc8bf8275714cae1:
DEBUG: ran git fetch --unshallow origin ca3ad52400f84f019fefbe3225563151a6238b4f: 94e41e6c40dec40778bb1fdbcc8bf8275714cae1: in 
DEBUG: LC_ALL=C JX_LOG_LEVEL=error git branch
DEBUG: LC_ALL=C JX_LOG_LEVEL=error git checkout master
DEBUG: ran git checkout master in 
DEBUG: LC_ALL=C JX_LOG_LEVEL=error git reset --hard 94e41e6c40dec40778bb1fdbcc8bf8275714cae1
DEBUG: ran git reset --hard 94e41e6c40dec40778bb1fdbcc8bf8275714cae1 in 
DEBUG: JX_LOG_LEVEL=error LC_ALL=C git clean -fd .
DEBUG: ran clean --force -d . in 
DEBUG: LC_ALL=C JX_LOG_LEVEL=error git merge ca3ad52400f84f019fefbe3225563151a6238b4f
DEBUG: ran git merge ca3ad52400f84f019fefbe3225563151a6238b4f in 
DEBUG: LC_ALL=C JX_LOG_LEVEL=error git log --format=%H%x1f%an%x1f%ae%x1f%cn%x1f%ce%x1f%s%n%b%x1e 94e41e6c40dec40778bb1fdbcc8bf8275714cae1..HEAD
Merged SHA ca3ad52400f84f019fefbe3225563151a6238b4f with commit message 'chore: Promote bdd-spring-1585160719 to version 0.0.1' into base branch master

Showing logs for build [32mcb-kubecd-environment-pr-188-1-47xv2-1[0m stage [32mfrom-build-pack[0m and container [32mstep-build-helm-build[0m
WARNING: No $CHART_REPOSITORY defined so using the default value of: http://jenkins-x-chartmuseum:8080
Adding missing Helm repo: storage.googleapis.com https://storage.googleapis.com/chartmuseum.jenkins-x.io
WARNING: No secrets found on "helm/repos" due: reading the secret "helm/repos" from vault: no secret "helm/repos" not found in vault
Read credentials for https://storage.googleapis.com/chartmuseum.jenkins-x.io from vault helm/repos
Successfully added Helm repository storage.googleapis.com.
Adding missing Helm repo: jenkins-x-chartmuseum http://jenkins-x-chartmuseum:8080
WARNING: No secrets found on "helm/repos" due: reading the secret "helm/repos" from vault: no secret "helm/repos" not found in vault
Read credentials for http://jenkins-x-chartmuseum:8080 from vault helm/repos
Successfully added Helm repository jenkins-x-chartmuseum.
WARNING: No $CHART_REPOSITORY defined so using the default value of: http://jenkins-x-chartmuseum:8080
Adding missing Helm repo: chartmuseum.jenkins-x.io http://chartmuseum.jenkins-x.io
WARNING: No secrets found on "helm/repos" due: reading the secret "helm/repos" from vault: no secret "helm/repos" not found in vault
Read credentials for http://chartmuseum.jenkins-x.io from vault helm/repos
Successfully added Helm repository chartmuseum.jenkins-x.io.
